<?xml version="1.0" encoding="UTF-8"?>
<!-- Generated by org.testng.reporters.JUnitReportReporter -->
<testsuite skipped="1" hostname="DESKTOP-MH2MSQ8" name="teqo.qa.framework.teqo.DataDriven_Trial" tests="1" failures="0" timestamp="17 Jun 2020 20:28:05 GMT" time="0.000" errors="0">
  <testcase name="printData" time="0.000" classname="teqo.qa.framework.teqo.DataDriven_Trial">
    <skipped/>
  </testcase> <!-- printData -->
</testsuite> <!-- teqo.qa.framework.teqo.DataDriven_Trial -->
